TN:
SF:src/modules/appointments/services/CreateAppointmentService.ts
FN:42,__decorate
FN:42,__metadata
FN:42,__param
FN:42,__awaiter
FN:42,adopt
FN:42,fulfilled
FN:42,rejected
FN:42,step
FN:42,__generator
FN:42,sent
FN:42,Symbol.function.g.(anonymous function)
FN:42,verb
FN:42,step
FN:42,__importDefault
FN:14,CreateAppointmentService
FN:19,CreateAppointmentService.execute
FNF:16
FNH:14
FNDA:1,__decorate
FNDA:1,__metadata
FNDA:1,__param
FNDA:3,__awaiter
FNDA:5,adopt
FNDA:5,fulfilled
FNDA:0,rejected
FNDA:7,step
FNDA:3,__generator
FNDA:5,sent
FNDA:0,Symbol.function.g.(anonymous function)
FNDA:9,verb
FNDA:8,step
FNDA:1,__importDefault
FNDA:2,CreateAppointmentService
FNDA:3,CreateAppointmentService.execute
DA:1,1
DA:2,1
DA:3,1
DA:4,1
DA:5,1
DA:6,1
DA:7,1
DA:8,1
DA:9,1
DA:10,1
DA:11,1
DA:12,1
DA:13,1
DA:14,1
DA:15,2
DA:16,2
DA:17,2
DA:18,1
DA:19,1
DA:20,3
DA:21,3
DA:22,3
DA:23,3
DA:24,3
DA:25,3
DA:26,3
DA:27,3
DA:28,3
DA:29,3
DA:30,1
DA:31,0
DA:32,2
DA:33,2
DA:34,2
DA:35,2
DA:36,2
DA:37,3
DA:38,3
DA:39,3
DA:40,1
DA:41,1
DA:42,1
LF:42
LH:41
BRDA:42,0,0,1
BRDA:42,1,0,1
BRDA:42,2,0,0
BRDA:42,3,0,0
BRDA:42,4,0,0
BRDA:42,5,0,0
BRDA:42,6,0,0
BRDA:42,7,0,1
BRDA:42,8,0,0
BRDA:42,9,0,1
BRDA:42,10,0,0
BRDA:42,11,0,1
BRDA:42,12,0,3
BRDA:42,13,0,0
BRDA:42,14,0,5
BRDA:42,15,0,0
BRDA:42,16,0,0
BRDA:42,17,0,3
BRDA:42,18,0,5
BRDA:42,19,0,1
BRDA:42,20,0,7
BRDA:42,21,0,2
BRDA:42,22,0,5
BRDA:42,23,0,3
BRDA:42,24,0,0
BRDA:42,25,0,5
BRDA:42,26,0,0
BRDA:42,27,0,0
BRDA:42,28,0,9
BRDA:42,29,0,0
BRDA:42,30,0,8
BRDA:42,31,0,0
BRDA:42,32,0,8
BRDA:42,33,0,0
BRDA:42,34,0,16
BRDA:42,35,0,0
BRDA:42,36,0,0
BRDA:42,37,0,0
BRDA:42,38,0,0
BRDA:42,39,0,8
BRDA:42,40,0,8
BRDA:42,41,0,0
BRDA:42,42,0,5
BRDA:42,43,0,0
BRDA:42,44,0,3
BRDA:42,45,0,0
BRDA:42,46,0,2
BRDA:42,47,0,0
BRDA:42,48,0,0
BRDA:42,49,0,0
BRDA:42,50,0,0
BRDA:42,51,0,0
BRDA:42,52,0,8
BRDA:42,53,0,7
BRDA:42,54,0,1
BRDA:42,55,0,8
BRDA:42,56,0,1
BRDA:42,57,0,2
BRDA:42,58,0,0
BRDA:42,59,0,0
BRDA:42,60,0,1
BRDA:42,61,0,0
BRDA:42,62,0,0
BRDA:13,63,0,1
BRDA:40,64,0,0
BRDA:14,65,0,2
BRDA:19,66,0,3
BRDA:42,67,0,0
BRDA:42,68,0,3
BRDA:42,69,0,0
BRDA:42,70,0,8
BRDA:42,71,0,3
BRDA:42,72,0,0
BRDA:42,73,0,3
BRDA:29,74,0,1
BRDA:30,75,0,0
BRDA:31,76,0,2
BRDA:42,77,0,0
BRDA:42,78,0,2
BRDA:42,79,0,0
BRF:80
BRH:41
end_of_record
TN:
SF:src/modules/users/services/AuthenticateUserService.ts
FN:62,__decorate
FN:62,__metadata
FN:62,__param
FN:62,__awaiter
FN:62,adopt
FN:62,fulfilled
FN:62,rejected
FN:62,step
FN:62,__generator
FN:62,sent
FN:62,Symbol.function.g.(anonymous function)
FN:62,verb
FN:62,step
FN:62,__importDefault
FN:24,AuthenticateUserService
FN:32,AuthenticateUserService.execute
FNF:16
FNH:14
FNDA:1,__decorate
FNDA:1,__metadata
FNDA:2,__param
FNDA:3,__awaiter
FNDA:5,adopt
FNDA:5,fulfilled
FNDA:0,rejected
FNDA:6,step
FNDA:3,__generator
FNDA:5,sent
FNDA:0,Symbol.function.g.(anonymous function)
FNDA:9,verb
FNDA:8,step
FNDA:2,__importDefault
FNDA:3,AuthenticateUserService
FNDA:3,AuthenticateUserService.execute
DA:1,1
DA:2,1
DA:3,1
DA:4,1
DA:5,1
DA:6,1
DA:7,1
DA:8,1
DA:9,1
DA:10,1
DA:11,1
DA:12,1
DA:13,1
DA:14,1
DA:15,1
DA:16,1
DA:17,1
DA:18,1
DA:19,1
DA:20,1
DA:21,1
DA:22,1
DA:23,1
DA:24,1
DA:25,3
DA:26,3
DA:27,3
DA:28,3
DA:29,3
DA:30,3
DA:31,1
DA:32,1
DA:33,3
DA:34,3
DA:35,3
DA:36,1
DA:37,0
DA:38,2
DA:39,2
DA:40,2
DA:41,2
DA:42,2
DA:43,3
DA:44,3
DA:45,1
DA:46,0
DA:47,1
DA:48,1
DA:49,1
DA:50,1
DA:51,1
DA:52,1
DA:53,1
DA:54,1
DA:55,1
DA:56,1
DA:57,1
DA:58,1
DA:59,3
DA:60,1
DA:61,1
DA:62,1
LF:62
LH:60
BRDA:62,0,0,1
BRDA:62,1,0,1
BRDA:62,2,0,0
BRDA:62,3,0,0
BRDA:62,4,0,0
BRDA:62,5,0,0
BRDA:62,6,0,0
BRDA:62,7,0,1
BRDA:62,8,0,0
BRDA:62,9,0,2
BRDA:62,10,0,0
BRDA:62,11,0,2
BRDA:62,12,0,3
BRDA:62,13,0,0
BRDA:62,14,0,5
BRDA:62,15,0,0
BRDA:62,16,0,0
BRDA:62,17,0,3
BRDA:62,18,0,5
BRDA:62,19,0,2
BRDA:62,20,0,6
BRDA:62,21,0,1
BRDA:62,22,0,5
BRDA:62,23,0,3
BRDA:62,24,0,0
BRDA:62,25,0,5
BRDA:62,26,0,0
BRDA:62,27,0,0
BRDA:62,28,0,9
BRDA:62,29,0,0
BRDA:62,30,0,8
BRDA:62,31,0,0
BRDA:62,32,0,8
BRDA:62,33,0,0
BRDA:62,34,0,16
BRDA:62,35,0,0
BRDA:62,36,0,0
BRDA:62,37,0,0
BRDA:62,38,0,0
BRDA:62,39,0,8
BRDA:62,40,0,8
BRDA:62,41,0,0
BRDA:62,42,0,5
BRDA:62,43,0,0
BRDA:62,44,0,3
BRDA:62,45,0,0
BRDA:62,46,0,1
BRDA:62,47,0,0
BRDA:62,48,0,0
BRDA:62,49,0,0
BRDA:62,50,0,0
BRDA:62,51,0,0
BRDA:62,52,0,8
BRDA:62,53,0,6
BRDA:62,54,0,2
BRDA:62,55,0,8
BRDA:62,56,0,2
BRDA:62,57,0,1
BRDA:62,58,0,0
BRDA:62,59,0,0
BRDA:62,60,0,2
BRDA:62,61,0,0
BRDA:62,62,0,0
BRDA:23,63,0,1
BRDA:60,64,0,0
BRDA:24,65,0,3
BRDA:32,66,0,3
BRDA:62,67,0,0
BRDA:62,68,0,3
BRDA:62,69,0,0
BRDA:62,70,0,8
BRDA:33,71,0,3
BRDA:62,72,0,0
BRDA:62,73,0,3
BRDA:35,74,0,1
BRDA:36,75,0,0
BRDA:37,76,0,2
BRDA:62,77,0,0
BRDA:62,78,0,2
BRDA:44,79,0,1
BRDA:45,80,0,0
BRDA:62,81,0,0
BRF:82
BRH:42
end_of_record
TN:
SF:src/modules/users/services/CreateUserService.ts
FN:44,__decorate
FN:44,__metadata
FN:44,__param
FN:44,__awaiter
FN:44,adopt
FN:44,fulfilled
FN:44,rejected
FN:44,step
FN:44,__generator
FN:44,sent
FN:44,Symbol.function.g.(anonymous function)
FN:44,verb
FN:44,step
FN:44,__importDefault
FN:17,CreateUserService
FN:25,CreateUserService.execute
FNF:16
FNH:14
FNDA:2,__decorate
FNDA:2,__metadata
FNDA:4,__param
FNDA:5,__awaiter
FNDA:13,adopt
FNDA:13,fulfilled
FNDA:0,rejected
FNDA:17,step
FNDA:5,__generator
FNDA:13,sent
FNDA:0,Symbol.function.g.(anonymous function)
FNDA:15,verb
FNDA:18,step
FNDA:2,__importDefault
FNDA:4,CreateUserService
FNDA:5,CreateUserService.execute
DA:1,1
DA:2,1
DA:3,1
DA:4,1
DA:5,1
DA:6,1
DA:7,1
DA:8,1
DA:9,1
DA:10,1
DA:11,1
DA:12,1
DA:13,1
DA:14,1
DA:15,1
DA:16,2
DA:17,2
DA:18,4
DA:19,4
DA:20,4
DA:21,4
DA:22,4
DA:23,4
DA:24,2
DA:25,2
DA:26,5
DA:27,5
DA:28,5
DA:29,1
DA:30,0
DA:31,4
DA:32,4
DA:33,5
DA:34,5
DA:35,5
DA:36,5
DA:37,5
DA:38,5
DA:39,5
DA:40,5
DA:41,5
DA:42,2
DA:43,1
DA:44,1
LF:44
LH:43
BRDA:44,0,0,2
BRDA:44,1,0,2
BRDA:44,2,0,0
BRDA:44,3,0,0
BRDA:44,4,0,0
BRDA:44,5,0,0
BRDA:44,6,0,0
BRDA:44,7,0,2
BRDA:44,8,0,0
BRDA:44,9,0,4
BRDA:44,10,0,0
BRDA:44,11,0,4
BRDA:44,12,0,5
BRDA:44,13,0,0
BRDA:44,14,0,13
BRDA:44,15,0,0
BRDA:44,16,0,0
BRDA:44,17,0,5
BRDA:44,18,0,13
BRDA:44,19,0,1
BRDA:44,20,0,17
BRDA:44,21,0,4
BRDA:44,22,0,13
BRDA:44,23,0,5
BRDA:44,24,0,0
BRDA:44,25,0,13
BRDA:44,26,0,0
BRDA:44,27,0,0
BRDA:44,28,0,15
BRDA:44,29,0,0
BRDA:44,30,0,18
BRDA:44,31,0,0
BRDA:44,32,0,18
BRDA:44,33,0,0
BRDA:44,34,0,36
BRDA:44,35,0,0
BRDA:44,36,0,0
BRDA:44,37,0,0
BRDA:44,38,0,0
BRDA:44,39,0,18
BRDA:44,40,0,18
BRDA:44,41,0,0
BRDA:44,42,0,13
BRDA:44,43,0,0
BRDA:44,44,0,5
BRDA:44,45,0,0
BRDA:44,46,0,4
BRDA:44,47,0,0
BRDA:44,48,0,0
BRDA:44,49,0,0
BRDA:44,50,0,0
BRDA:44,51,0,0
BRDA:44,52,0,28
BRDA:44,53,0,18
BRDA:44,54,0,17
BRDA:44,55,0,1
BRDA:44,56,0,18
BRDA:44,57,0,1
BRDA:44,58,0,4
BRDA:44,59,0,0
BRDA:44,60,0,0
BRDA:44,61,0,2
BRDA:44,62,0,0
BRDA:44,63,0,0
BRDA:16,64,0,2
BRDA:42,65,0,0
BRDA:17,66,0,4
BRDA:25,67,0,5
BRDA:44,68,0,0
BRDA:44,69,0,5
BRDA:44,70,0,0
BRDA:44,71,0,18
BRDA:26,72,0,5
BRDA:44,73,0,0
BRDA:44,74,0,5
BRDA:28,75,0,1
BRDA:29,76,0,0
BRDA:30,77,0,4
BRDA:44,78,0,0
BRDA:44,79,0,4
BRDA:44,80,0,0
BRDA:44,81,0,4
BRDA:44,82,0,0
BRF:83
BRH:43
end_of_record
TN:
SF:src/modules/users/services/UpdateUserAvatarService.ts
FN:1,(empty-report)
FNF:1
FNH:0
FNDA:0,(empty-report)
DA:1,0
DA:2,0
DA:3,0
DA:4,0
DA:5,0
DA:6,0
DA:7,0
DA:8,0
DA:9,0
DA:10,0
DA:11,0
DA:12,0
DA:13,0
DA:14,0
DA:15,0
DA:16,0
DA:17,0
DA:18,0
DA:19,0
DA:20,0
DA:21,0
DA:22,0
DA:23,0
DA:24,0
DA:25,0
DA:26,0
DA:27,0
DA:28,0
DA:29,0
DA:30,0
DA:31,0
DA:32,0
DA:33,0
DA:34,0
DA:35,0
DA:36,0
DA:37,0
DA:38,0
DA:39,0
DA:40,0
DA:41,0
DA:42,0
DA:43,0
DA:44,0
DA:45,0
DA:46,0
DA:47,0
DA:48,0
DA:49,0
DA:50,0
DA:51,0
LF:51
LH:0
BRDA:1,0,0,0
BRF:1
BRH:0
end_of_record
