TN:
SF:src/modules/appointments/services/CreateAppointmentService.ts
FN:59,__decorate
FN:59,__metadata
FN:59,__param
FN:59,__awaiter
FN:59,adopt
FN:59,fulfilled
FN:59,rejected
FN:59,step
FN:59,__generator
FN:59,sent
FN:59,Symbol.function.g.(anonymous function)
FN:59,verb
FN:59,step
FN:59,__importDefault
FN:15,CreateAppointmentService
FN:20,CreateAppointmentService.execute
FNF:16
FNH:14
FNDA:1,__decorate
FNDA:1,__metadata
FNDA:1,__param
FNDA:7,__awaiter
FNDA:5,adopt
FNDA:5,fulfilled
FNDA:0,rejected
FNDA:7,step
FNDA:7,__generator
FNDA:5,sent
FNDA:0,Symbol.function.g.(anonymous function)
FNDA:21,verb
FNDA:12,step
FNDA:1,__importDefault
FNDA:5,CreateAppointmentService
FNDA:7,CreateAppointmentService.execute
DA:1,1
DA:2,1
DA:3,1
DA:4,1
DA:5,1
DA:6,1
DA:7,1
DA:8,1
DA:9,1
DA:10,1
DA:11,1
DA:12,1
DA:13,1
DA:14,1
DA:15,1
DA:16,5
DA:17,5
DA:18,5
DA:19,1
DA:20,1
DA:21,7
DA:22,7
DA:23,7
DA:24,7
DA:25,7
DA:26,7
DA:27,7
DA:28,1
DA:29,0
DA:30,6
DA:31,7
DA:32,1
DA:33,0
DA:34,5
DA:35,7
DA:36,2
DA:37,2
DA:38,2
DA:39,0
DA:40,3
DA:41,3
DA:42,3
DA:43,3
DA:44,7
DA:45,7
DA:46,1
DA:47,0
DA:48,2
DA:49,2
DA:50,2
DA:51,2
DA:52,2
DA:53,2
DA:54,7
DA:55,7
DA:56,7
DA:57,1
DA:58,1
DA:59,1
LF:59
LH:55
BRDA:59,0,0,1
BRDA:59,1,0,1
BRDA:59,2,0,0
BRDA:59,3,0,0
BRDA:59,4,0,0
BRDA:59,5,0,0
BRDA:59,6,0,0
BRDA:59,7,0,1
BRDA:59,8,0,0
BRDA:59,9,0,1
BRDA:59,10,0,0
BRDA:59,11,0,1
BRDA:59,12,0,7
BRDA:59,13,0,0
BRDA:59,14,0,5
BRDA:59,15,0,0
BRDA:59,16,0,0
BRDA:59,17,0,7
BRDA:59,18,0,5
BRDA:59,19,0,1
BRDA:59,20,0,7
BRDA:59,21,0,2
BRDA:59,22,0,5
BRDA:59,23,0,7
BRDA:59,24,0,0
BRDA:59,25,0,5
BRDA:59,26,0,0
BRDA:59,27,0,0
BRDA:59,28,0,21
BRDA:59,29,0,0
BRDA:59,30,0,12
BRDA:59,31,0,0
BRDA:59,32,0,12
BRDA:59,33,0,0
BRDA:59,34,0,24
BRDA:59,35,0,0
BRDA:59,36,0,0
BRDA:59,37,0,0
BRDA:59,38,0,0
BRDA:59,39,0,12
BRDA:59,40,0,12
BRDA:59,41,0,0
BRDA:59,42,0,5
BRDA:59,43,0,0
BRDA:59,44,0,7
BRDA:59,45,0,0
BRDA:59,46,0,2
BRDA:59,47,0,0
BRDA:59,48,0,0
BRDA:59,49,0,0
BRDA:59,50,0,0
BRDA:59,51,0,0
BRDA:59,52,0,12
BRDA:59,53,0,7
BRDA:59,54,0,5
BRDA:59,55,0,12
BRDA:59,56,0,5
BRDA:59,57,0,2
BRDA:59,58,0,0
BRDA:59,59,0,0
BRDA:59,60,0,1
BRDA:59,61,0,0
BRDA:59,62,0,0
BRDA:14,63,0,1
BRDA:57,64,0,0
BRDA:15,65,0,5
BRDA:20,66,0,7
BRDA:59,67,0,0
BRDA:59,68,0,7
BRDA:59,69,0,0
BRDA:59,70,0,12
BRDA:59,71,0,7
BRDA:27,72,0,1
BRDA:28,73,0,0
BRDA:29,74,0,6
BRDA:31,75,0,1
BRDA:32,76,0,0
BRDA:33,77,0,5
BRDA:35,78,0,4
BRDA:35,79,0,2
BRDA:38,80,0,0
BRDA:39,81,0,3
BRDA:59,82,0,0
BRDA:59,83,0,3
BRDA:45,84,0,1
BRDA:46,85,0,0
BRDA:47,86,0,2
BRDA:59,87,0,0
BRDA:59,88,0,2
BRDA:59,89,0,0
BRF:90
BRH:48
end_of_record
TN:
SF:src/modules/appointments/services/ListProvidersDayAvailabilityService.ts
FN:66,__decorate
FN:66,__metadata
FN:66,__param
FN:66,__awaiter
FN:66,adopt
FN:66,fulfilled
FN:66,rejected
FN:66,step
FN:66,__generator
FN:66,sent
FN:66,Symbol.function.g.(anonymous function)
FN:66,verb
FN:66,step
FN:19,ListProvidersDayAvailabilityService
FN:24,ListProvidersDayAvailabilityService.execute
FNF:15
FNH:13
FNDA:1,__decorate
FNDA:1,__metadata
FNDA:1,__param
FNDA:1,__awaiter
FNDA:1,adopt
FNDA:1,fulfilled
FNDA:0,rejected
FNDA:2,step
FNDA:1,__generator
FNDA:1,sent
FNDA:0,Symbol.function.g.(anonymous function)
FNDA:3,verb
FNDA:2,step
FNDA:1,ListProvidersDayAvailabilityService
FNDA:1,ListProvidersDayAvailabilityService.execute
DA:1,1
DA:2,1
DA:3,1
DA:4,1
DA:5,1
DA:6,1
DA:7,1
DA:8,1
DA:9,1
DA:10,1
DA:11,1
DA:12,1
DA:13,1
DA:14,1
DA:15,1
DA:16,1
DA:17,1
DA:18,1
DA:19,1
DA:20,1
DA:21,1
DA:22,1
DA:23,1
DA:24,1
DA:25,1
DA:26,1
DA:27,1
DA:28,1
DA:29,1
DA:30,1
DA:31,1
DA:32,1
DA:33,1
DA:34,1
DA:35,1
DA:36,1
DA:37,1
DA:38,1
DA:39,1
DA:40,1
DA:41,1
DA:42,1
DA:43,1
DA:44,1
DA:45,1
DA:46,1
DA:47,1
DA:48,1
DA:49,10
DA:50,10
DA:51,10
DA:52,10
DA:53,10
DA:54,10
DA:55,10
DA:56,10
DA:57,10
DA:58,10
DA:59,10
DA:60,1
DA:61,1
DA:62,1
DA:63,1
DA:64,1
DA:65,1
DA:66,1
LF:66
LH:66
BRDA:66,0,0,1
BRDA:66,1,0,1
BRDA:66,2,0,0
BRDA:66,3,0,0
BRDA:66,4,0,0
BRDA:66,5,0,0
BRDA:66,6,0,0
BRDA:66,7,0,1
BRDA:66,8,0,0
BRDA:66,9,0,1
BRDA:66,10,0,0
BRDA:66,11,0,1
BRDA:66,12,0,1
BRDA:66,13,0,0
BRDA:66,14,0,1
BRDA:66,15,0,0
BRDA:66,16,0,0
BRDA:66,17,0,1
BRDA:66,18,0,1
BRDA:66,19,0,0
BRDA:66,20,0,2
BRDA:66,21,0,1
BRDA:66,22,0,1
BRDA:66,23,0,1
BRDA:66,24,0,0
BRDA:66,25,0,1
BRDA:66,26,0,0
BRDA:66,27,0,0
BRDA:66,28,0,3
BRDA:66,29,0,0
BRDA:66,30,0,2
BRDA:66,31,0,0
BRDA:66,32,0,2
BRDA:66,33,0,0
BRDA:66,34,0,4
BRDA:66,35,0,0
BRDA:66,36,0,0
BRDA:66,37,0,0
BRDA:66,38,0,0
BRDA:66,39,0,2
BRDA:66,40,0,2
BRDA:66,41,0,0
BRDA:66,42,0,1
BRDA:66,43,0,0
BRDA:66,44,0,1
BRDA:66,45,0,0
BRDA:66,46,0,0
BRDA:66,47,0,0
BRDA:66,48,0,0
BRDA:66,49,0,0
BRDA:66,50,0,0
BRDA:66,51,0,2
BRDA:66,52,0,0
BRDA:66,53,0,2
BRDA:66,54,0,0
BRDA:66,55,0,1
BRDA:66,56,0,0
BRDA:66,57,0,0
BRDA:18,58,0,1
BRDA:64,59,0,0
BRDA:19,60,0,1
BRDA:24,61,0,1
BRDA:66,62,0,0
BRDA:66,63,0,1
BRDA:66,64,0,0
BRDA:66,65,0,2
BRDA:30,66,0,1
BRDA:66,67,0,0
BRDA:66,68,0,1
BRDA:66,69,0,0
BRDA:43,70,0,10
BRDA:43,71,0,0
BRDA:48,72,0,10
BRDA:58,73,0,8
BRDA:59,74,0,0
BRDA:50,75,0,19
BRDA:50,76,0,0
BRF:77
BRH:36
end_of_record
TN:
SF:src/modules/appointments/services/ListProvidersMonthAvailabilityService.ts
FN:58,__decorate
FN:58,__metadata
FN:58,__param
FN:58,__awaiter
FN:58,adopt
FN:58,fulfilled
FN:58,rejected
FN:58,step
FN:58,__generator
FN:58,sent
FN:58,Symbol.function.g.(anonymous function)
FN:58,verb
FN:58,step
FN:18,ListProvidersMonthAvailabilityService
FN:23,ListProvidersMonthAvailabilityService.execute
FNF:15
FNH:13
FNDA:1,__decorate
FNDA:1,__metadata
FNDA:1,__param
FNDA:1,__awaiter
FNDA:1,adopt
FNDA:1,fulfilled
FNDA:0,rejected
FNDA:2,step
FNDA:1,__generator
FNDA:1,sent
FNDA:0,Symbol.function.g.(anonymous function)
FNDA:3,verb
FNDA:2,step
FNDA:1,ListProvidersMonthAvailabilityService
FNDA:1,ListProvidersMonthAvailabilityService.execute
DA:1,1
DA:2,1
DA:3,1
DA:4,1
DA:5,1
DA:6,1
DA:7,1
DA:8,1
DA:9,1
DA:10,1
DA:11,1
DA:12,1
DA:13,1
DA:14,1
DA:15,1
DA:16,1
DA:17,1
DA:18,1
DA:19,1
DA:20,1
DA:21,1
DA:22,1
DA:23,1
DA:24,1
DA:25,1
DA:26,1
DA:27,1
DA:28,1
DA:29,1
DA:30,1
DA:31,1
DA:32,1
DA:33,1
DA:34,1
DA:35,1
DA:36,1
DA:37,1
DA:38,1
DA:39,1
DA:40,1
DA:41,1
DA:42,1
DA:43,1
DA:44,31
DA:45,341
DA:46,31
DA:47,31
DA:48,31
DA:49,31
DA:50,31
DA:51,31
DA:52,1
DA:53,1
DA:54,1
DA:55,1
DA:56,1
DA:57,1
DA:58,1
LF:58
LH:58
BRDA:58,0,0,1
BRDA:58,1,0,1
BRDA:58,2,0,0
BRDA:58,3,0,0
BRDA:58,4,0,0
BRDA:58,5,0,0
BRDA:58,6,0,0
BRDA:58,7,0,1
BRDA:58,8,0,0
BRDA:58,9,0,1
BRDA:58,10,0,0
BRDA:58,11,0,1
BRDA:58,12,0,1
BRDA:58,13,0,0
BRDA:58,14,0,1
BRDA:58,15,0,0
BRDA:58,16,0,0
BRDA:58,17,0,1
BRDA:58,18,0,1
BRDA:58,19,0,0
BRDA:58,20,0,2
BRDA:58,21,0,1
BRDA:58,22,0,1
BRDA:58,23,0,1
BRDA:58,24,0,0
BRDA:58,25,0,1
BRDA:58,26,0,0
BRDA:58,27,0,0
BRDA:58,28,0,3
BRDA:58,29,0,0
BRDA:58,30,0,2
BRDA:58,31,0,0
BRDA:58,32,0,2
BRDA:58,33,0,0
BRDA:58,34,0,4
BRDA:58,35,0,0
BRDA:58,36,0,0
BRDA:58,37,0,0
BRDA:58,38,0,0
BRDA:58,39,0,2
BRDA:58,40,0,2
BRDA:58,41,0,0
BRDA:58,42,0,1
BRDA:58,43,0,0
BRDA:58,44,0,1
BRDA:58,45,0,0
BRDA:58,46,0,0
BRDA:58,47,0,0
BRDA:58,48,0,0
BRDA:58,49,0,0
BRDA:58,50,0,0
BRDA:58,51,0,2
BRDA:58,52,0,0
BRDA:58,53,0,2
BRDA:58,54,0,0
BRDA:58,55,0,1
BRDA:58,56,0,0
BRDA:58,57,0,0
BRDA:17,58,0,1
BRDA:56,59,0,0
BRDA:18,60,0,1
BRDA:23,61,0,1
BRDA:58,62,0,0
BRDA:58,63,0,1
BRDA:58,64,0,0
BRDA:58,65,0,2
BRDA:28,66,0,1
BRDA:58,67,0,0
BRDA:58,68,0,1
BRDA:58,69,0,0
BRDA:40,70,0,31
BRDA:40,71,0,0
BRDA:43,72,0,31
BRDA:51,73,0,0
BRDA:44,74,0,341
BRDA:45,75,0,0
BRF:76
BRH:35
end_of_record
TN:
SF:src/modules/appointments/services/ListProvidersService.ts
FN:26,__decorate
FN:26,__metadata
FN:26,__param
FN:26,__awaiter
FN:26,adopt
FN:26,fulfilled
FN:26,rejected
FN:26,step
FN:26,__generator
FN:26,sent
FN:26,Symbol.function.g.(anonymous function)
FN:26,verb
FN:26,step
FN:12,ListProvidersService
FN:17,ListProvidersService.execute
FNF:15
FNH:13
FNDA:1,__decorate
FNDA:1,__metadata
FNDA:1,__param
FNDA:1,__awaiter
FNDA:1,adopt
FNDA:1,fulfilled
FNDA:0,rejected
FNDA:2,step
FNDA:1,__generator
FNDA:1,sent
FNDA:0,Symbol.function.g.(anonymous function)
FNDA:3,verb
FNDA:2,step
FNDA:1,ListProvidersService
FNDA:1,ListProvidersService.execute
DA:1,1
DA:2,1
DA:3,1
DA:4,1
DA:5,1
DA:6,1
DA:7,1
DA:8,1
DA:9,1
DA:10,1
DA:11,1
DA:12,1
DA:13,1
DA:14,1
DA:15,1
DA:16,1
DA:17,1
DA:18,1
DA:19,1
DA:20,1
DA:21,1
DA:22,1
DA:23,1
DA:24,1
DA:25,1
DA:26,1
LF:26
LH:26
BRDA:26,0,0,1
BRDA:26,1,0,1
BRDA:26,2,0,0
BRDA:26,3,0,0
BRDA:26,4,0,0
BRDA:26,5,0,0
BRDA:26,6,0,0
BRDA:26,7,0,1
BRDA:26,8,0,0
BRDA:26,9,0,1
BRDA:26,10,0,0
BRDA:26,11,0,1
BRDA:26,12,0,1
BRDA:26,13,0,0
BRDA:26,14,0,1
BRDA:26,15,0,0
BRDA:26,16,0,0
BRDA:26,17,0,1
BRDA:26,18,0,1
BRDA:26,19,0,0
BRDA:26,20,0,2
BRDA:26,21,0,1
BRDA:26,22,0,1
BRDA:26,23,0,1
BRDA:26,24,0,0
BRDA:26,25,0,1
BRDA:26,26,0,0
BRDA:26,27,0,0
BRDA:26,28,0,3
BRDA:26,29,0,0
BRDA:26,30,0,2
BRDA:26,31,0,0
BRDA:26,32,0,2
BRDA:26,33,0,0
BRDA:26,34,0,4
BRDA:26,35,0,0
BRDA:26,36,0,0
BRDA:26,37,0,0
BRDA:26,38,0,0
BRDA:26,39,0,2
BRDA:26,40,0,2
BRDA:26,41,0,0
BRDA:26,42,0,1
BRDA:26,43,0,0
BRDA:26,44,0,1
BRDA:26,45,0,0
BRDA:26,46,0,0
BRDA:26,47,0,0
BRDA:26,48,0,0
BRDA:26,49,0,0
BRDA:26,50,0,0
BRDA:26,51,0,2
BRDA:26,52,0,0
BRDA:26,53,0,2
BRDA:26,54,0,0
BRDA:26,55,0,1
BRDA:26,56,0,0
BRDA:26,57,0,0
BRDA:11,58,0,1
BRDA:24,59,0,0
BRDA:12,60,0,1
BRDA:17,61,0,1
BRDA:26,62,0,0
BRDA:26,63,0,1
BRDA:26,64,0,0
BRDA:26,65,0,2
BRDA:18,66,0,1
BRDA:26,67,0,0
BRDA:26,68,0,1
BRDA:26,69,0,0
BRF:70
BRH:32
end_of_record
TN:
SF:src/modules/users/services/AuthenticateUserService.ts
FN:62,__decorate
FN:62,__metadata
FN:62,__param
FN:62,__awaiter
FN:62,adopt
FN:62,fulfilled
FN:62,rejected
FN:62,step
FN:62,__generator
FN:62,sent
FN:62,Symbol.function.g.(anonymous function)
FN:62,verb
FN:62,step
FN:62,__importDefault
FN:24,AuthenticateUserService
FN:32,AuthenticateUserService.execute
FNF:16
FNH:14
FNDA:1,__decorate
FNDA:1,__metadata
FNDA:2,__param
FNDA:3,__awaiter
FNDA:5,adopt
FNDA:5,fulfilled
FNDA:0,rejected
FNDA:6,step
FNDA:3,__generator
FNDA:5,sent
FNDA:0,Symbol.function.g.(anonymous function)
FNDA:9,verb
FNDA:8,step
FNDA:2,__importDefault
FNDA:3,AuthenticateUserService
FNDA:3,AuthenticateUserService.execute
DA:1,1
DA:2,1
DA:3,1
DA:4,1
DA:5,1
DA:6,1
DA:7,1
DA:8,1
DA:9,1
DA:10,1
DA:11,1
DA:12,1
DA:13,1
DA:14,1
DA:15,1
DA:16,1
DA:17,1
DA:18,1
DA:19,1
DA:20,1
DA:21,1
DA:22,1
DA:23,1
DA:24,1
DA:25,3
DA:26,3
DA:27,3
DA:28,3
DA:29,3
DA:30,3
DA:31,1
DA:32,1
DA:33,3
DA:34,3
DA:35,3
DA:36,1
DA:37,0
DA:38,2
DA:39,2
DA:40,2
DA:41,2
DA:42,2
DA:43,3
DA:44,3
DA:45,1
DA:46,0
DA:47,1
DA:48,1
DA:49,1
DA:50,1
DA:51,1
DA:52,1
DA:53,1
DA:54,1
DA:55,1
DA:56,1
DA:57,1
DA:58,1
DA:59,3
DA:60,1
DA:61,1
DA:62,1
LF:62
LH:60
BRDA:62,0,0,1
BRDA:62,1,0,1
BRDA:62,2,0,0
BRDA:62,3,0,0
BRDA:62,4,0,0
BRDA:62,5,0,0
BRDA:62,6,0,0
BRDA:62,7,0,1
BRDA:62,8,0,0
BRDA:62,9,0,2
BRDA:62,10,0,0
BRDA:62,11,0,2
BRDA:62,12,0,3
BRDA:62,13,0,0
BRDA:62,14,0,5
BRDA:62,15,0,0
BRDA:62,16,0,0
BRDA:62,17,0,3
BRDA:62,18,0,5
BRDA:62,19,0,2
BRDA:62,20,0,6
BRDA:62,21,0,1
BRDA:62,22,0,5
BRDA:62,23,0,3
BRDA:62,24,0,0
BRDA:62,25,0,5
BRDA:62,26,0,0
BRDA:62,27,0,0
BRDA:62,28,0,9
BRDA:62,29,0,0
BRDA:62,30,0,8
BRDA:62,31,0,0
BRDA:62,32,0,8
BRDA:62,33,0,0
BRDA:62,34,0,16
BRDA:62,35,0,0
BRDA:62,36,0,0
BRDA:62,37,0,0
BRDA:62,38,0,0
BRDA:62,39,0,8
BRDA:62,40,0,8
BRDA:62,41,0,0
BRDA:62,42,0,5
BRDA:62,43,0,0
BRDA:62,44,0,3
BRDA:62,45,0,0
BRDA:62,46,0,1
BRDA:62,47,0,0
BRDA:62,48,0,0
BRDA:62,49,0,0
BRDA:62,50,0,0
BRDA:62,51,0,0
BRDA:62,52,0,8
BRDA:62,53,0,6
BRDA:62,54,0,2
BRDA:62,55,0,8
BRDA:62,56,0,2
BRDA:62,57,0,1
BRDA:62,58,0,0
BRDA:62,59,0,0
BRDA:62,60,0,2
BRDA:62,61,0,0
BRDA:62,62,0,0
BRDA:23,63,0,1
BRDA:60,64,0,0
BRDA:24,65,0,3
BRDA:32,66,0,3
BRDA:62,67,0,0
BRDA:62,68,0,3
BRDA:62,69,0,0
BRDA:62,70,0,8
BRDA:33,71,0,3
BRDA:62,72,0,0
BRDA:62,73,0,3
BRDA:35,74,0,1
BRDA:36,75,0,0
BRDA:37,76,0,2
BRDA:62,77,0,0
BRDA:62,78,0,2
BRDA:44,79,0,1
BRDA:45,80,0,0
BRDA:62,81,0,0
BRF:82
BRH:42
end_of_record
TN:
SF:src/modules/users/services/CreateUserService.ts
FN:44,__decorate
FN:44,__metadata
FN:44,__param
FN:44,__awaiter
FN:44,adopt
FN:44,fulfilled
FN:44,rejected
FN:44,step
FN:44,__generator
FN:44,sent
FN:44,Symbol.function.g.(anonymous function)
FN:44,verb
FN:44,step
FN:44,__importDefault
FN:17,CreateUserService
FN:25,CreateUserService.execute
FNF:16
FNH:14
FNDA:2,__decorate
FNDA:2,__metadata
FNDA:4,__param
FNDA:5,__awaiter
FNDA:13,adopt
FNDA:13,fulfilled
FNDA:0,rejected
FNDA:17,step
FNDA:5,__generator
FNDA:13,sent
FNDA:0,Symbol.function.g.(anonymous function)
FNDA:15,verb
FNDA:18,step
FNDA:2,__importDefault
FNDA:5,CreateUserService
FNDA:5,CreateUserService.execute
DA:1,1
DA:2,1
DA:3,1
DA:4,1
DA:5,1
DA:6,1
DA:7,1
DA:8,1
DA:9,1
DA:10,1
DA:11,1
DA:12,1
DA:13,1
DA:14,1
DA:15,1
DA:16,2
DA:17,2
DA:18,5
DA:19,5
DA:20,5
DA:21,5
DA:22,5
DA:23,5
DA:24,2
DA:25,2
DA:26,5
DA:27,5
DA:28,5
DA:29,1
DA:30,0
DA:31,4
DA:32,4
DA:33,5
DA:34,5
DA:35,5
DA:36,5
DA:37,5
DA:38,5
DA:39,5
DA:40,5
DA:41,5
DA:42,2
DA:43,1
DA:44,1
LF:44
LH:43
BRDA:44,0,0,2
BRDA:44,1,0,2
BRDA:44,2,0,0
BRDA:44,3,0,0
BRDA:44,4,0,0
BRDA:44,5,0,0
BRDA:44,6,0,0
BRDA:44,7,0,2
BRDA:44,8,0,0
BRDA:44,9,0,4
BRDA:44,10,0,0
BRDA:44,11,0,4
BRDA:44,12,0,5
BRDA:44,13,0,0
BRDA:44,14,0,13
BRDA:44,15,0,0
BRDA:44,16,0,0
BRDA:44,17,0,5
BRDA:44,18,0,13
BRDA:44,19,0,1
BRDA:44,20,0,17
BRDA:44,21,0,4
BRDA:44,22,0,13
BRDA:44,23,0,5
BRDA:44,24,0,0
BRDA:44,25,0,13
BRDA:44,26,0,0
BRDA:44,27,0,0
BRDA:44,28,0,15
BRDA:44,29,0,0
BRDA:44,30,0,18
BRDA:44,31,0,0
BRDA:44,32,0,18
BRDA:44,33,0,0
BRDA:44,34,0,36
BRDA:44,35,0,0
BRDA:44,36,0,0
BRDA:44,37,0,0
BRDA:44,38,0,0
BRDA:44,39,0,18
BRDA:44,40,0,18
BRDA:44,41,0,0
BRDA:44,42,0,13
BRDA:44,43,0,0
BRDA:44,44,0,5
BRDA:44,45,0,0
BRDA:44,46,0,4
BRDA:44,47,0,0
BRDA:44,48,0,0
BRDA:44,49,0,0
BRDA:44,50,0,0
BRDA:44,51,0,0
BRDA:44,52,0,28
BRDA:44,53,0,18
BRDA:44,54,0,17
BRDA:44,55,0,1
BRDA:44,56,0,18
BRDA:44,57,0,1
BRDA:44,58,0,4
BRDA:44,59,0,0
BRDA:44,60,0,0
BRDA:44,61,0,2
BRDA:44,62,0,0
BRDA:44,63,0,0
BRDA:16,64,0,2
BRDA:42,65,0,0
BRDA:17,66,0,5
BRDA:25,67,0,5
BRDA:44,68,0,0
BRDA:44,69,0,5
BRDA:44,70,0,0
BRDA:44,71,0,18
BRDA:26,72,0,5
BRDA:44,73,0,0
BRDA:44,74,0,5
BRDA:28,75,0,1
BRDA:29,76,0,0
BRDA:30,77,0,4
BRDA:44,78,0,0
BRDA:44,79,0,4
BRDA:44,80,0,0
BRDA:44,81,0,4
BRDA:44,82,0,0
BRF:83
BRH:43
end_of_record
TN:
SF:src/modules/users/services/ResetPasswordService.ts
FN:55,__decorate
FN:55,__metadata
FN:55,__param
FN:55,__awaiter
FN:55,adopt
FN:55,fulfilled
FN:55,rejected
FN:55,step
FN:55,__generator
FN:55,sent
FN:55,Symbol.function.g.(anonymous function)
FN:55,verb
FN:55,step
FN:55,__importDefault
FN:18,ResetPasswordService
FN:29,ResetPasswordService.execute
FNF:16
FNH:14
FNDA:1,__decorate
FNDA:1,__metadata
FNDA:3,__param
FNDA:4,__awaiter
FNDA:9,adopt
FNDA:9,fulfilled
FNDA:0,rejected
FNDA:10,step
FNDA:4,__generator
FNDA:9,sent
FNDA:0,Symbol.function.g.(anonymous function)
FNDA:12,verb
FNDA:13,step
FNDA:1,__importDefault
FNDA:4,ResetPasswordService
FNDA:4,ResetPasswordService.execute
DA:1,1
DA:2,1
DA:3,1
DA:4,1
DA:5,1
DA:6,1
DA:7,1
DA:8,1
DA:9,1
DA:10,1
DA:11,1
DA:12,1
DA:13,1
DA:14,1
DA:15,1
DA:16,1
DA:17,1
DA:18,1
DA:19,4
DA:20,4
DA:21,4
DA:22,4
DA:23,4
DA:24,4
DA:25,4
DA:26,4
DA:27,4
DA:28,1
DA:29,1
DA:30,4
DA:31,4
DA:32,4
DA:33,1
DA:34,0
DA:35,3
DA:36,4
DA:37,4
DA:38,1
DA:39,0
DA:40,2
DA:41,2
DA:42,2
DA:43,2
DA:44,4
DA:45,1
DA:46,0
DA:47,1
DA:48,1
DA:49,4
DA:50,4
DA:51,4
DA:52,4
DA:53,1
DA:54,1
DA:55,1
LF:55
LH:52
BRDA:55,0,0,1
BRDA:55,1,0,1
BRDA:55,2,0,0
BRDA:55,3,0,0
BRDA:55,4,0,0
BRDA:55,5,0,0
BRDA:55,6,0,0
BRDA:55,7,0,1
BRDA:55,8,0,0
BRDA:55,9,0,3
BRDA:55,10,0,0
BRDA:55,11,0,3
BRDA:55,12,0,4
BRDA:55,13,0,0
BRDA:55,14,0,9
BRDA:55,15,0,0
BRDA:55,16,0,0
BRDA:55,17,0,4
BRDA:55,18,0,9
BRDA:55,19,0,3
BRDA:55,20,0,10
BRDA:55,21,0,1
BRDA:55,22,0,9
BRDA:55,23,0,4
BRDA:55,24,0,0
BRDA:55,25,0,9
BRDA:55,26,0,0
BRDA:55,27,0,0
BRDA:55,28,0,12
BRDA:55,29,0,0
BRDA:55,30,0,13
BRDA:55,31,0,0
BRDA:55,32,0,13
BRDA:55,33,0,0
BRDA:55,34,0,26
BRDA:55,35,0,0
BRDA:55,36,0,0
BRDA:55,37,0,0
BRDA:55,38,0,0
BRDA:55,39,0,13
BRDA:55,40,0,13
BRDA:55,41,0,0
BRDA:55,42,0,9
BRDA:55,43,0,0
BRDA:55,44,0,4
BRDA:55,45,0,0
BRDA:55,46,0,1
BRDA:55,47,0,0
BRDA:55,48,0,0
BRDA:55,49,0,0
BRDA:55,50,0,0
BRDA:55,51,0,0
BRDA:55,52,0,13
BRDA:55,53,0,10
BRDA:55,54,0,3
BRDA:55,55,0,13
BRDA:55,56,0,3
BRDA:55,57,0,1
BRDA:55,58,0,0
BRDA:55,59,0,0
BRDA:55,60,0,1
BRDA:55,61,0,0
BRDA:55,62,0,0
BRDA:17,63,0,1
BRDA:53,64,0,0
BRDA:18,65,0,4
BRDA:29,66,0,4
BRDA:55,67,0,0
BRDA:55,68,0,4
BRDA:55,69,0,0
BRDA:55,70,0,13
BRDA:30,71,0,4
BRDA:55,72,0,0
BRDA:55,73,0,4
BRDA:32,74,0,1
BRDA:33,75,0,0
BRDA:34,76,0,3
BRDA:55,77,0,0
BRDA:55,78,0,3
BRDA:37,79,0,1
BRDA:38,80,0,0
BRDA:39,81,0,2
BRDA:44,82,0,1
BRDA:45,83,0,0
BRDA:55,84,0,0
BRDA:55,85,0,1
BRDA:55,86,0,0
BRDA:55,87,0,1
BRDA:55,88,0,0
BRF:89
BRH:46
end_of_record
TN:
SF:src/modules/users/services/SendForgotPasswordEmailService.ts
FN:59,__decorate
FN:59,__metadata
FN:59,__param
FN:59,__awaiter
FN:59,adopt
FN:59,fulfilled
FN:59,rejected
FN:59,step
FN:59,__generator
FN:59,sent
FN:59,Symbol.function.g.(anonymous function)
FN:59,verb
FN:59,step
FN:59,__importDefault
FN:15,SendForgotPasswordEmailService
FN:26,SendForgotPasswordEmailService.execute
FNF:16
FNH:14
FNDA:1,__decorate
FNDA:1,__metadata
FNDA:3,__param
FNDA:3,__awaiter
FNDA:7,adopt
FNDA:7,fulfilled
FNDA:0,rejected
FNDA:9,step
FNDA:3,__generator
FNDA:7,sent
FNDA:0,Symbol.function.g.(anonymous function)
FNDA:9,verb
FNDA:10,step
FNDA:2,__importDefault
FNDA:3,SendForgotPasswordEmailService
FNDA:3,SendForgotPasswordEmailService.execute
DA:1,1
DA:2,1
DA:3,1
DA:4,1
DA:5,1
DA:6,1
DA:7,1
DA:8,1
DA:9,1
DA:10,1
DA:11,1
DA:12,1
DA:13,1
DA:14,1
DA:15,1
DA:16,3
DA:17,3
DA:18,3
DA:19,3
DA:20,3
DA:21,3
DA:22,3
DA:23,3
DA:24,3
DA:25,1
DA:26,1
DA:27,3
DA:28,3
DA:29,3
DA:30,1
DA:31,0
DA:32,2
DA:33,2
DA:34,3
DA:35,3
DA:36,3
DA:37,3
DA:38,3
DA:39,3
DA:40,3
DA:41,3
DA:42,3
DA:43,3
DA:44,3
DA:45,3
DA:46,3
DA:47,3
DA:48,3
DA:49,3
DA:50,3
DA:51,3
DA:52,3
DA:53,3
DA:54,3
DA:55,3
DA:56,3
DA:57,1
DA:58,1
DA:59,1
LF:59
LH:58
BRDA:59,0,0,1
BRDA:59,1,0,1
BRDA:59,2,0,0
BRDA:59,3,0,0
BRDA:59,4,0,0
BRDA:59,5,0,0
BRDA:59,6,0,0
BRDA:59,7,0,1
BRDA:59,8,0,0
BRDA:59,9,0,3
BRDA:59,10,0,0
BRDA:59,11,0,3
BRDA:59,12,0,3
BRDA:59,13,0,0
BRDA:59,14,0,7
BRDA:59,15,0,0
BRDA:59,16,0,0
BRDA:59,17,0,3
BRDA:59,18,0,7
BRDA:59,19,0,1
BRDA:59,20,0,9
BRDA:59,21,0,2
BRDA:59,22,0,7
BRDA:59,23,0,3
BRDA:59,24,0,0
BRDA:59,25,0,7
BRDA:59,26,0,0
BRDA:59,27,0,0
BRDA:59,28,0,9
BRDA:59,29,0,0
BRDA:59,30,0,10
BRDA:59,31,0,0
BRDA:59,32,0,10
BRDA:59,33,0,0
BRDA:59,34,0,20
BRDA:59,35,0,0
BRDA:59,36,0,0
BRDA:59,37,0,0
BRDA:59,38,0,0
BRDA:59,39,0,10
BRDA:59,40,0,10
BRDA:59,41,0,0
BRDA:59,42,0,7
BRDA:59,43,0,0
BRDA:59,44,0,3
BRDA:59,45,0,0
BRDA:59,46,0,2
BRDA:59,47,0,0
BRDA:59,48,0,0
BRDA:59,49,0,0
BRDA:59,50,0,0
BRDA:59,51,0,0
BRDA:59,52,0,10
BRDA:59,53,0,9
BRDA:59,54,0,1
BRDA:59,55,0,10
BRDA:59,56,0,1
BRDA:59,57,0,2
BRDA:59,58,0,0
BRDA:59,59,0,0
BRDA:59,60,0,2
BRDA:59,61,0,1
BRDA:59,62,0,1
BRDA:59,63,0,0
BRDA:14,64,0,1
BRDA:57,65,0,0
BRDA:15,66,0,3
BRDA:26,67,0,3
BRDA:59,68,0,0
BRDA:59,69,0,3
BRDA:59,70,0,0
BRDA:59,71,0,10
BRDA:27,72,0,3
BRDA:59,73,0,0
BRDA:59,74,0,3
BRDA:29,75,0,1
BRDA:30,76,0,0
BRDA:31,77,0,2
BRDA:59,78,0,0
BRDA:59,79,0,2
BRDA:59,80,0,0
BRDA:59,81,0,2
BRDA:59,82,0,0
BRF:83
BRH:44
end_of_record
TN:
SF:src/modules/users/services/ShowProfileService.ts
FN:30,__decorate
FN:30,__metadata
FN:30,__param
FN:30,__awaiter
FN:30,adopt
FN:30,fulfilled
FN:30,rejected
FN:30,step
FN:30,__generator
FN:30,sent
FN:30,Symbol.function.g.(anonymous function)
FN:30,verb
FN:30,step
FN:30,__importDefault
FN:14,ShowProfileService
FN:19,ShowProfileService.execute
FNF:16
FNH:14
FNDA:1,__decorate
FNDA:1,__metadata
FNDA:1,__param
FNDA:2,__awaiter
FNDA:2,adopt
FNDA:2,fulfilled
FNDA:0,rejected
FNDA:3,step
FNDA:2,__generator
FNDA:2,sent
FNDA:0,Symbol.function.g.(anonymous function)
FNDA:6,verb
FNDA:4,step
FNDA:1,__importDefault
FNDA:2,ShowProfileService
FNDA:2,ShowProfileService.execute
DA:1,1
DA:2,1
DA:3,1
DA:4,1
DA:5,1
DA:6,1
DA:7,1
DA:8,1
DA:9,1
DA:10,1
DA:11,1
DA:12,1
DA:13,1
DA:14,1
DA:15,2
DA:16,2
DA:17,2
DA:18,1
DA:19,1
DA:20,2
DA:21,2
DA:22,2
DA:23,1
DA:24,0
DA:25,1
DA:26,1
DA:27,2
DA:28,1
DA:29,1
DA:30,1
LF:30
LH:29
BRDA:30,0,0,1
BRDA:30,1,0,1
BRDA:30,2,0,0
BRDA:30,3,0,0
BRDA:30,4,0,0
BRDA:30,5,0,0
BRDA:30,6,0,0
BRDA:30,7,0,1
BRDA:30,8,0,0
BRDA:30,9,0,1
BRDA:30,10,0,0
BRDA:30,11,0,1
BRDA:30,12,0,2
BRDA:30,13,0,0
BRDA:30,14,0,2
BRDA:30,15,0,0
BRDA:30,16,0,0
BRDA:30,17,0,2
BRDA:30,18,0,2
BRDA:30,19,0,1
BRDA:30,20,0,3
BRDA:30,21,0,1
BRDA:30,22,0,2
BRDA:30,23,0,2
BRDA:30,24,0,0
BRDA:30,25,0,2
BRDA:30,26,0,0
BRDA:30,27,0,0
BRDA:30,28,0,6
BRDA:30,29,0,0
BRDA:30,30,0,4
BRDA:30,31,0,0
BRDA:30,32,0,4
BRDA:30,33,0,0
BRDA:30,34,0,8
BRDA:30,35,0,0
BRDA:30,36,0,0
BRDA:30,37,0,0
BRDA:30,38,0,0
BRDA:30,39,0,4
BRDA:30,40,0,4
BRDA:30,41,0,0
BRDA:30,42,0,2
BRDA:30,43,0,0
BRDA:30,44,0,2
BRDA:30,45,0,0
BRDA:30,46,0,1
BRDA:30,47,0,0
BRDA:30,48,0,0
BRDA:30,49,0,0
BRDA:30,50,0,0
BRDA:30,51,0,0
BRDA:30,52,0,4
BRDA:30,53,0,3
BRDA:30,54,0,1
BRDA:30,55,0,4
BRDA:30,56,0,1
BRDA:30,57,0,0
BRDA:30,58,0,0
BRDA:30,59,0,1
BRDA:30,60,0,0
BRDA:30,61,0,0
BRDA:13,62,0,1
BRDA:28,63,0,0
BRDA:14,64,0,2
BRDA:19,65,0,2
BRDA:30,66,0,0
BRDA:30,67,0,2
BRDA:30,68,0,0
BRDA:30,69,0,4
BRDA:20,70,0,2
BRDA:30,71,0,0
BRDA:30,72,0,2
BRDA:22,73,0,1
BRDA:23,74,0,0
BRDA:30,75,0,0
BRF:76
BRH:38
end_of_record
TN:
SF:src/modules/users/services/UpdateProfileService.ts
FN:74,__decorate
FN:74,__metadata
FN:74,__param
FN:74,__awaiter
FN:74,adopt
FN:74,fulfilled
FN:74,rejected
FN:74,step
FN:74,__generator
FN:74,sent
FN:74,Symbol.function.g.(anonymous function)
FN:74,verb
FN:74,step
FN:74,__importDefault
FN:19,UpdateProfileService
FN:27,UpdateProfileService.execute
FNF:16
FNH:14
FNDA:1,__decorate
FNDA:1,__metadata
FNDA:2,__param
FNDA:6,__awaiter
FNDA:14,adopt
FNDA:14,fulfilled
FNDA:0,rejected
FNDA:16,step
FNDA:6,__generator
FNDA:14,sent
FNDA:0,Symbol.function.g.(anonymous function)
FNDA:18,verb
FNDA:20,step
FNDA:1,__importDefault
FNDA:6,UpdateProfileService
FNDA:6,UpdateProfileService.execute
DA:1,1
DA:2,1
DA:3,1
DA:4,1
DA:5,1
DA:6,1
DA:7,1
DA:8,1
DA:9,1
DA:10,1
DA:11,1
DA:12,1
DA:13,1
DA:14,1
DA:15,1
DA:16,1
DA:17,1
DA:18,1
DA:19,1
DA:20,6
DA:21,6
DA:22,6
DA:23,6
DA:24,6
DA:25,6
DA:26,1
DA:27,1
DA:28,6
DA:29,6
DA:30,6
DA:31,6
DA:32,6
DA:33,6
DA:34,6
DA:35,6
DA:36,6
DA:37,1
DA:38,0
DA:39,5
DA:40,5
DA:41,6
DA:42,6
DA:43,1
DA:44,0
DA:45,4
DA:46,4
DA:47,4
DA:48,4
DA:49,6
DA:50,2
DA:51,2
DA:52,2
DA:53,2
DA:54,6
DA:55,6
DA:56,1
DA:57,1
DA:58,1
DA:59,0
DA:60,1
DA:61,1
DA:62,6
DA:63,6
DA:64,6
DA:65,1
DA:66,1
DA:67,1
DA:68,0
DA:69,2
DA:70,2
DA:71,6
DA:72,1
DA:73,1
DA:74,1
LF:74
LH:70
BRDA:74,0,0,1
BRDA:74,1,0,1
BRDA:74,2,0,0
BRDA:74,3,0,0
BRDA:74,4,0,0
BRDA:74,5,0,0
BRDA:74,6,0,0
BRDA:74,7,0,1
BRDA:74,8,0,0
BRDA:74,9,0,2
BRDA:74,10,0,0
BRDA:74,11,0,2
BRDA:74,12,0,6
BRDA:74,13,0,0
BRDA:74,14,0,14
BRDA:74,15,0,0
BRDA:74,16,0,0
BRDA:74,17,0,6
BRDA:74,18,0,14
BRDA:74,19,0,4
BRDA:74,20,0,16
BRDA:74,21,0,2
BRDA:74,22,0,14
BRDA:74,23,0,6
BRDA:74,24,0,0
BRDA:74,25,0,14
BRDA:74,26,0,0
BRDA:74,27,0,0
BRDA:74,28,0,18
BRDA:74,29,0,0
BRDA:74,30,0,20
BRDA:74,31,0,0
BRDA:74,32,0,20
BRDA:74,33,0,0
BRDA:74,34,0,42
BRDA:74,35,0,0
BRDA:74,36,0,0
BRDA:74,37,0,0
BRDA:74,38,0,0
BRDA:74,39,0,20
BRDA:74,40,0,20
BRDA:74,41,0,0
BRDA:74,42,0,14
BRDA:74,43,0,0
BRDA:74,44,0,8
BRDA:74,45,0,0
BRDA:74,46,0,4
BRDA:74,47,0,6
BRDA:74,48,0,0
BRDA:74,49,0,2
BRDA:74,50,0,0
BRDA:74,51,0,2
BRDA:74,52,0,0
BRDA:74,53,0,0
BRDA:74,54,0,0
BRDA:74,55,0,0
BRDA:74,56,0,0
BRDA:74,57,0,22
BRDA:74,58,0,18
BRDA:74,59,0,4
BRDA:74,60,0,22
BRDA:74,61,0,22
BRDA:74,62,0,4
BRDA:74,63,0,2
BRDA:74,64,0,0
BRDA:74,65,0,0
BRDA:74,66,0,1
BRDA:74,67,0,0
BRDA:74,68,0,0
BRDA:18,69,0,1
BRDA:72,70,0,0
BRDA:19,71,0,6
BRDA:27,72,0,6
BRDA:74,73,0,0
BRDA:74,74,0,6
BRDA:74,75,0,0
BRDA:74,76,0,22
BRDA:34,77,0,6
BRDA:74,78,0,0
BRDA:74,79,0,6
BRDA:36,80,0,1
BRDA:37,81,0,0
BRDA:38,82,0,5
BRDA:74,83,0,0
BRDA:74,84,0,5
BRDA:42,85,0,4
BRDA:42,86,0,1
BRDA:43,87,0,0
BRDA:44,88,0,4
BRDA:49,89,0,3
BRDA:49,90,0,2
BRDA:74,91,0,0
BRDA:74,92,0,2
BRDA:55,93,0,1
BRDA:58,94,0,0
BRDA:74,95,0,0
BRDA:74,96,0,1
BRDA:74,97,0,3
BRDA:64,98,0,2
BRDA:64,99,0,1
BRDA:67,100,0,0
BRDA:68,101,0,2
BRDA:74,102,0,0
BRF:103
BRH:57
end_of_record
TN:
SF:src/modules/users/services/UpdateUserAvatarService.ts
FN:48,__decorate
FN:48,__metadata
FN:48,__param
FN:48,__awaiter
FN:48,adopt
FN:48,fulfilled
FN:48,rejected
FN:48,step
FN:48,__generator
FN:48,sent
FN:48,Symbol.function.g.(anonymous function)
FN:48,verb
FN:48,step
FN:48,__importDefault
FN:16,UpdateUserAvatarService
FN:24,UpdateUserAvatarService.execute
FNF:16
FNH:14
FNDA:1,__decorate
FNDA:1,__metadata
FNDA:2,__param
FNDA:4,__awaiter
FNDA:11,adopt
FNDA:11,fulfilled
FNDA:0,rejected
FNDA:14,step
FNDA:4,__generator
FNDA:11,sent
FNDA:0,Symbol.function.g.(anonymous function)
FNDA:12,verb
FNDA:15,step
FNDA:1,__importDefault
FNDA:3,UpdateUserAvatarService
FNDA:4,UpdateUserAvatarService.execute
DA:1,1
DA:2,1
DA:3,1
DA:4,1
DA:5,1
DA:6,1
DA:7,1
DA:8,1
DA:9,1
DA:10,1
DA:11,1
DA:12,1
DA:13,1
DA:14,1
DA:15,1
DA:16,1
DA:17,3
DA:18,3
DA:19,3
DA:20,3
DA:21,3
DA:22,3
DA:23,1
DA:24,1
DA:25,4
DA:26,4
DA:27,4
DA:28,1
DA:29,1
DA:30,1
DA:31,1
DA:32,0
DA:33,3
DA:34,3
DA:35,1
DA:36,4
DA:37,4
DA:38,4
DA:39,4
DA:40,4
DA:41,4
DA:42,4
DA:43,4
DA:44,4
DA:45,4
DA:46,1
DA:47,1
DA:48,1
LF:48
LH:47
BRDA:48,0,0,1
BRDA:48,1,0,1
BRDA:48,2,0,0
BRDA:48,3,0,0
BRDA:48,4,0,0
BRDA:48,5,0,0
BRDA:48,6,0,0
BRDA:48,7,0,1
BRDA:48,8,0,0
BRDA:48,9,0,2
BRDA:48,10,0,0
BRDA:48,11,0,2
BRDA:48,12,0,4
BRDA:48,13,0,0
BRDA:48,14,0,11
BRDA:48,15,0,0
BRDA:48,16,0,0
BRDA:48,17,0,4
BRDA:48,18,0,11
BRDA:48,19,0,1
BRDA:48,20,0,14
BRDA:48,21,0,3
BRDA:48,22,0,11
BRDA:48,23,0,4
BRDA:48,24,0,0
BRDA:48,25,0,11
BRDA:48,26,0,0
BRDA:48,27,0,0
BRDA:48,28,0,12
BRDA:48,29,0,0
BRDA:48,30,0,15
BRDA:48,31,0,0
BRDA:48,32,0,15
BRDA:48,33,0,0
BRDA:48,34,0,32
BRDA:48,35,0,0
BRDA:48,36,0,0
BRDA:48,37,0,0
BRDA:48,38,0,0
BRDA:48,39,0,15
BRDA:48,40,0,15
BRDA:48,41,0,0
BRDA:48,42,0,11
BRDA:48,43,0,0
BRDA:48,44,0,6
BRDA:48,45,0,0
BRDA:48,46,0,5
BRDA:48,47,0,4
BRDA:48,48,0,0
BRDA:48,49,0,2
BRDA:48,50,0,0
BRDA:48,51,0,2
BRDA:48,52,0,0
BRDA:48,53,0,0
BRDA:48,54,0,0
BRDA:48,55,0,0
BRDA:48,56,0,0
BRDA:48,57,0,17
BRDA:48,58,0,16
BRDA:48,59,0,1
BRDA:48,60,0,17
BRDA:48,61,0,17
BRDA:48,62,0,1
BRDA:48,63,0,3
BRDA:48,64,0,0
BRDA:48,65,0,0
BRDA:48,66,0,1
BRDA:48,67,0,0
BRDA:48,68,0,0
BRDA:15,69,0,1
BRDA:46,70,0,0
BRDA:16,71,0,3
BRDA:24,72,0,4
BRDA:48,73,0,0
BRDA:48,74,0,4
BRDA:48,75,0,0
BRDA:48,76,0,17
BRDA:25,77,0,4
BRDA:48,78,0,0
BRDA:48,79,0,4
BRDA:27,80,0,1
BRDA:31,81,0,0
BRDA:32,82,0,3
BRDA:34,83,0,2
BRDA:34,84,0,1
BRDA:48,85,0,0
BRDA:48,86,0,1
BRDA:38,87,0,3
BRDA:48,88,0,0
BRDA:48,89,0,3
BRDA:48,90,0,0
BRDA:48,91,0,3
BRDA:48,92,0,0
BRF:93
BRH:50
end_of_record
